Using pre-set license
Built from '2020.2/release' branch; Version is '2020.2.1f1 (270dd8c3da1c) revision 2559448'; Using compiler version '192528614'; Build Type 'Release'
OS: 'Windows 10  (10.0.0) 64bit' Language: 'en' Physical Memory: 8175 MB
BatchMode: 1, IsHumanControllingUs: 0, StartBugReporterOnCrash: 0, Is64bit: 1, IsPro: 0

 COMMAND LINE ARGUMENTS:
D:\Unity\2020.2.1f1\Editor\Unity.exe
-adb2
-batchMode
-noUpm
-name
AssetImportWorker2
-projectPath
D:/Projects/HochuBananov
-logFile
Logs/AssetImportWorker2.log
-srvPort
49955
Successfully changed project path to: D:/Projects/HochuBananov
D:/Projects/HochuBananov
Using Asset Import Pipeline V2.
Refreshing native plugins compatible for Editor in 145.61 ms, found 0 plugins.
Preloading 0 native plugins for Editor in 0.00 ms.
Initialize engine version: 2020.2.1f1 (270dd8c3da1c)
[Subsystems] Discovering subsystems at path D:/Unity/2020.2.1f1/Editor/Data/Resources/UnitySubsystems
[Subsystems] Discovering subsystems at path D:/Projects/HochuBananov/Assets
GfxDevice: creating device client; threaded=0
Direct3D:
    Version:  Direct3D 11.0 [level 11.0]
    Renderer: NVIDIA GeForce GTS 450 (ID=0x1245)
    Vendor:   
    VRAM:     979 MB
    Driver:   23.21.13.8813
Initialize mono
Mono path[0] = 'D:/Unity/2020.2.1f1/Editor/Data/Managed'
Mono path[1] = 'D:/Unity/2020.2.1f1/Editor/Data/MonoBleedingEdge/lib/mono/unityjit'
Mono config path = 'D:/Unity/2020.2.1f1/Editor/Data/MonoBleedingEdge/etc'
Using monoOptions --debugger-agent=transport=dt_socket,embedding=1,server=y,suspend=n,address=127.0.0.1:56524
Begin MonoManager ReloadAssembly
Registering precompiled unity dll's ...
Register platform support module: D:/Unity/2020.2.1f1/Editor/Data/PlaybackEngines/WebGLSupport/UnityEditor.WebGL.Extensions.dll
Register platform support module: D:/Unity/2020.2.1f1/Editor/Data/PlaybackEngines/MacStandaloneSupport/UnityEditor.OSXStandalone.Extensions.dll
Register platform support module: D:/Unity/2020.2.1f1/Editor/Data/PlaybackEngines/WindowsStandaloneSupport/UnityEditor.WindowsStandalone.Extensions.dll
Register platform support module: D:/Unity/2020.2.1f1/Editor/Data/PlaybackEngines/LinuxStandaloneSupport/UnityEditor.LinuxStandalone.Extensions.dll
Registered in 0.010168 seconds.
Native extension for LinuxStandalone target not found
Native extension for WindowsStandalone target not found
Native extension for OSXStandalone target not found
Native extension for WebGL target not found
Refreshing native plugins compatible for Editor in 116.81 ms, found 0 plugins.
Preloading 0 native plugins for Editor in 0.00 ms.
Invoked RoslynAnalysisRunner static constructor.
RoslynAnalysisRunner will not be running.
RoslynAnalysisRunner has terminated.
Mono: successfully reloaded assembly
- Completed reload, in  9.872 seconds
Platform modules already initialized, skipping
Registering precompiled user dll's ...
Registered in 0.001884 seconds.
Begin MonoManager ReloadAssembly
Native extension for LinuxStandalone target not found
Native extension for WindowsStandalone target not found
Native extension for OSXStandalone target not found
Native extension for WebGL target not found
Refreshing native plugins compatible for Editor in 0.62 ms, found 0 plugins.
Preloading 0 native plugins for Editor in 0.00 ms.
Invoked RoslynAnalysisRunner static constructor.
RoslynAnalysisRunner will not be running.
RoslynAnalysisRunner has terminated.
Mono: successfully reloaded assembly
- Completed reload, in  2.260 seconds
Platform modules already initialized, skipping
========================================================================
Worker process is ready to serve import requests
Launched and connected shader compiler UnityShaderCompiler.exe after 0.23 seconds
Refreshing native plugins compatible for Editor in 0.87 ms, found 0 plugins.
Preloading 0 native plugins for Editor in 0.00 ms.
Unloading 1264 Unused Serialized files (Serialized files now loaded: 0)
System memory in use before: 60.1 MB.
System memory in use after: 60.2 MB.

Unloading 25 unused Assets to reduce memory usage. Loaded Objects now: 1687.
Total: 3.566900 ms (FindLiveObjects: 0.328500 ms CreateObjectMapping: 0.090300 ms MarkObjects: 3.032400 ms  DeleteObjects: 0.107200 ms)

========================================================================
Received Import Request.
  path: Assets/Scenes/MainMenu.unity
  artifactKey: Guid(ef93475eb3c46754cae84322d34a9deb) Importer(815301076,1909f56bfc062723c751e8b465ee728b)
Start importing Assets/Scenes/MainMenu.unity using Guid(ef93475eb3c46754cae84322d34a9deb) Importer(815301076,1909f56bfc062723c751e8b465ee728b)  -> (artifact id: '485dd8ee1e9267c7de052f2d837dfc1f') in 0.122675 seconds
  Import took 0.174603 seconds .

========================================================================
Received Import Request.
  Time since last request: 99.011256 seconds.
  path: Assets/Scripts/New Folder
  artifactKey: Guid(02aaafa47472a0e49aca95ae1314e0a6) Importer(815301076,1909f56bfc062723c751e8b465ee728b)
Start importing Assets/Scripts/New Folder using Guid(02aaafa47472a0e49aca95ae1314e0a6) Importer(815301076,1909f56bfc062723c751e8b465ee728b)  -> (artifact id: 'a04def59c79b7f5cc89593032a461c56') in 0.037708 seconds
  Import took 0.041525 seconds .

========================================================================
Received Import Request.
  Time since last request: 13.931124 seconds.
  path: Assets/Scripts/GameManager.cs
  artifactKey: Guid(5936f343e35407045b50086326e160fe) Importer(815301076,1909f56bfc062723c751e8b465ee728b)
Start importing Assets/Scripts/GameManager.cs using Guid(5936f343e35407045b50086326e160fe) Importer(815301076,1909f56bfc062723c751e8b465ee728b)  -> (artifact id: '16b353fbf36cd57cbe70cf0fad687337') in 0.152707 seconds
  Import took 0.159406 seconds .

========================================================================
Received Prepare
Registering precompiled user dll's ...
Registered in 0.001860 seconds.
Begin MonoManager ReloadAssembly
Native extension for LinuxStandalone target not found
Native extension for WindowsStandalone target not found
Native extension for OSXStandalone target not found
Native extension for WebGL target not found
Refreshing native plugins compatible for Editor in 0.94 ms, found 0 plugins.
Preloading 0 native plugins for Editor in 0.00 ms.
Invoked RoslynAnalysisRunner static constructor.
RoslynAnalysisRunner will not be running.
RoslynAnalysisRunner has terminated.
Mono: successfully reloaded assembly
- Completed reload, in  2.193 seconds
Platform modules already initialized, skipping
Refreshing native plugins compatible for Editor in 0.63 ms, found 0 plugins.
Preloading 0 native plugins for Editor in 0.00 ms.
Unloading 1262 Unused Serialized files (Serialized files now loaded: 0)
System memory in use before: 60.2 MB.
System memory in use after: 60.3 MB.

Unloading 20 unused Assets to reduce memory usage. Loaded Objects now: 1690.
Total: 3.004700 ms (FindLiveObjects: 0.528900 ms CreateObjectMapping: 0.120500 ms MarkObjects: 2.296400 ms  DeleteObjects: 0.052600 ms)

========================================================================
Received Import Request.
  Time since last request: 319.818987 seconds.
  path: Assets/Scripts/GameManager.cs
  artifactKey: Guid(5936f343e35407045b50086326e160fe) Importer(815301076,1909f56bfc062723c751e8b465ee728b)
Start importing Assets/Scripts/GameManager.cs using Guid(5936f343e35407045b50086326e160fe) Importer(815301076,1909f56bfc062723c751e8b465ee728b)  -> (artifact id: 'f92214a11daf875514fccab1f52dfe4e') in 0.048510 seconds
  Import took 0.068089 seconds .

========================================================================
Received Prepare
Registering precompiled user dll's ...
Registered in 0.001626 seconds.
Begin MonoManager ReloadAssembly
Native extension for LinuxStandalone target not found
Native extension for WindowsStandalone target not found
Native extension for OSXStandalone target not found
Native extension for WebGL target not found
Refreshing native plugins compatible for Editor in 0.65 ms, found 0 plugins.
Preloading 0 native plugins for Editor in 0.00 ms.
Invoked RoslynAnalysisRunner static constructor.
RoslynAnalysisRunner will not be running.
RoslynAnalysisRunner has terminated.
Mono: successfully reloaded assembly
- Completed reload, in  2.263 seconds
Platform modules already initialized, skipping
Refreshing native plugins compatible for Editor in 0.66 ms, found 0 plugins.
Preloading 0 native plugins for Editor in 0.00 ms.
Unloading 1263 Unused Serialized files (Serialized files now loaded: 0)
System memory in use before: 60.3 MB.
System memory in use after: 60.4 MB.

Unloading 20 unused Assets to reduce memory usage. Loaded Objects now: 1692.
Total: 2.948900 ms (FindLiveObjects: 0.336900 ms CreateObjectMapping: 0.082600 ms MarkObjects: 2.445700 ms  DeleteObjects: 0.076300 ms)

========================================================================
Received Import Request.
  Time since last request: 997.742176 seconds.
  path: Assets/Prefabs/GameObject.prefab
  artifactKey: Guid(201f199d0be77364184a5cc7bd341a95) Importer(815301076,1909f56bfc062723c751e8b465ee728b)
Start importing Assets/Prefabs/GameObject.prefab using Guid(201f199d0be77364184a5cc7bd341a95) Importer(815301076,1909f56bfc062723c751e8b465ee728b)  -> (artifact id: '723ac54b07c2ff90edbaf80e95aff57d') in 0.747125 seconds
  Import took 0.751683 seconds .

========================================================================
Received Prepare
Registering precompiled user dll's ...
Registered in 0.001620 seconds.
Begin MonoManager ReloadAssembly
Native extension for LinuxStandalone target not found
Native extension for WindowsStandalone target not found
Native extension for OSXStandalone target not found
Native extension for WebGL target not found
Refreshing native plugins compatible for Editor in 0.76 ms, found 0 plugins.
Preloading 0 native plugins for Editor in 0.00 ms.
Invoked RoslynAnalysisRunner static constructor.
RoslynAnalysisRunner will not be running.
RoslynAnalysisRunner has terminated.
Mono: successfully reloaded assembly
- Completed reload, in  2.106 seconds
Platform modules already initialized, skipping
Refreshing native plugins compatible for Editor in 0.65 ms, found 0 plugins.
Preloading 0 native plugins for Editor in 0.00 ms.
Unloading 1263 Unused Serialized files (Serialized files now loaded: 0)
System memory in use before: 63.5 MB.
System memory in use after: 63.6 MB.

Unloading 20 unused Assets to reduce memory usage. Loaded Objects now: 1701.
Total: 5.691700 ms (FindLiveObjects: 0.725100 ms CreateObjectMapping: 1.089400 ms MarkObjects: 3.821700 ms  DeleteObjects: 0.048500 ms)

========================================================================
Received Import Request.
  Time since last request: 206.786561 seconds.
  path: Assets/Scenes/GameScene.unity
  artifactKey: Guid(e72d9ad483c8f724194483bc1be8eb15) Importer(815301076,1909f56bfc062723c751e8b465ee728b)
Start importing Assets/Scenes/GameScene.unity using Guid(e72d9ad483c8f724194483bc1be8eb15) Importer(815301076,1909f56bfc062723c751e8b465ee728b)  -> (artifact id: 'f974e888bc928d0706b5249613b9f115') in 0.051917 seconds
  Import took 0.056880 seconds .

AssetImportWorkerClient::OnTransportError - code=2 error=End of file
